<?xml version="1.0" encoding="UTF-8"?>
<testsuite xmlns:xsi="http://www.w3.org/2001/XMLSchema-instance" xsi:noNamespaceSchemaLocation="https://maven.apache.org/surefire/maven-surefire-plugin/xsd/surefire-test-report-3.0.xsd" version="3.0" name="cuumber.Options.TestRunner" time="0.168" tests="3" errors="3" skipped="0" failures="0">
  <properties>
[...]
</properties>
  <testcase name="Verifying if phone model is successfully extracted using GetObjectAPI" classname="Validating Phone API" time="0.095">
    <error message="The step &apos;I have a REST API end point for getting list of phone models&apos; is undefined.&#10;You can implement this step using the snippet(s) below:&#10;&#10;@Given(&quot;I have a REST API end point for getting list of phone models&quot;)&#10;public void i_have_a_rest_api_end_point_for_getting_list_of_phone_models() {&#10;    // Write code here that turns the phrase above into concrete actions&#10;    throw new io.cucumber.java.PendingException();&#10;}&#10;" type="io.cucumber.junit.UndefinedStepException"><![CDATA[io.cucumber.junit.UndefinedStepException: 
The step 'I have a REST API end point for getting list of phone models' is undefined.
You can implement this step using the snippet(s) below:

@Given("I have a REST API end point for getting list of phone models")
public void i_have_a_rest_api_end_point_for_getting_list_of_phone_models() {
    // Write code here that turns the phrase above into concrete actions
    throw new io.cucumber.java.PendingException();
}

]]></error>
  </testcase>
  <testcase name="Verifying if phone model with id is successfully extracted using GetObjectAPI" classname="Validating Phone API" time="0.009">
    <error message="The step &apos;I have a REST API end point for getting list of phone models&apos; and 1 other step(s) are undefined.&#10;You can implement these steps using the snippet(s) below:&#10;&#10;@Given(&quot;I have a REST API end point for getting list of phone models&quot;)&#10;public void i_have_a_rest_api_end_point_for_getting_list_of_phone_models() {&#10;    // Write code here that turns the phrase above into concrete actions&#10;    throw new io.cucumber.java.PendingException();&#10;}&#10;@When(&quot;User calls {string} with {string}  http request to the end point with IDs: {string}, {string}, {string}&quot;)&#10;public void user_calls_with_http_request_to_the_end_point_with_i_ds(String string, String string2, String string3, String string4, String string5) {&#10;    // Write code here that turns the phrase above into concrete actions&#10;    throw new io.cucumber.java.PendingException();&#10;}&#10;" type="io.cucumber.junit.UndefinedStepException"><![CDATA[io.cucumber.junit.UndefinedStepException: 
The step 'I have a REST API end point for getting list of phone models' and 1 other step(s) are undefined.
You can implement these steps using the snippet(s) below:

@Given("I have a REST API end point for getting list of phone models")
public void i_have_a_rest_api_end_point_for_getting_list_of_phone_models() {
    // Write code here that turns the phrase above into concrete actions
    throw new io.cucumber.java.PendingException();
}
@When("User calls {string} with {string}  http request to the end point with IDs: {string}, {string}, {string}")
public void user_calls_with_http_request_to_the_end_point_with_i_ds(String string, String string2, String string3, String string4, String string5) {
    // Write code here that turns the phrase above into concrete actions
    throw new io.cucumber.java.PendingException();
}

]]></error>
  </testcase>
  <testcase name="Verifying if phone details are successfully extracted for a single ID using GetObjectAPI" classname="Validating Phone API" time="0.009">
    <error message="The step &apos;I have a REST API end point for getting list of phone models&apos; and 2 other step(s) are undefined.&#10;You can implement these steps using the snippet(s) below:&#10;&#10;@Given(&quot;I have a REST API end point for getting list of phone models&quot;)&#10;public void i_have_a_rest_api_end_point_for_getting_list_of_phone_models() {&#10;    // Write code here that turns the phrase above into concrete actions&#10;    throw new io.cucumber.java.PendingException();&#10;}&#10;@When(&quot;user calls {string} with {string} http request to the end point with the ID as {string}&quot;)&#10;public void user_calls_with_http_request_to_the_end_point_with_the_id_as(String string, String string2, String string3) {&#10;    // Write code here that turns the phrase above into concrete actions&#10;    throw new io.cucumber.java.PendingException();&#10;}&#10;@Then(&quot;ID present in response should match the {string} given by user&quot;)&#10;public void id_present_in_response_should_match_the_given_by_user(String string) {&#10;    // Write code here that turns the phrase above into concrete actions&#10;    throw new io.cucumber.java.PendingException();&#10;}&#10;" type="io.cucumber.junit.UndefinedStepException"><![CDATA[io.cucumber.junit.UndefinedStepException: 
The step 'I have a REST API end point for getting list of phone models' and 2 other step(s) are undefined.
You can implement these steps using the snippet(s) below:

@Given("I have a REST API end point for getting list of phone models")
public void i_have_a_rest_api_end_point_for_getting_list_of_phone_models() {
    // Write code here that turns the phrase above into concrete actions
    throw new io.cucumber.java.PendingException();
}
@When("user calls {string} with {string} http request to the end point with the ID as {string}")
public void user_calls_with_http_request_to_the_end_point_with_the_id_as(String string, String string2, String string3) {
    // Write code here that turns the phrase above into concrete actions
    throw new io.cucumber.java.PendingException();
}
@Then("ID present in response should match the {string} given by user")
public void id_present_in_response_should_match_the_given_by_user(String string) {
    // Write code here that turns the phrase above into concrete actions
    throw new io.cucumber.java.PendingException();
}

]]></error>
  </testcase>
</testsuite>